[0.008s] Invoking command in '/home/beto/Documents/ldlidar_stl_ros2-3.0.3/build/ldlidar_stl_ros2': CMAKE_PREFIX_PATH=/opt/ros/humble /usr/bin/cmake /home/beto/Documents/ldlidar_stl_ros2-3.0.3 -DCMAKE_INSTALL_PREFIX=/home/beto/Documents/ldlidar_stl_ros2-3.0.3/install/ldlidar_stl_ros2
[0.149s] -- The C compiler identification is GNU 11.4.0
[0.272s] -- The CXX compiler identification is GNU 11.4.0
[0.282s] -- Detecting C compiler ABI info
[0.349s] -- Detecting C compiler ABI info - done
[0.360s] -- Check for working C compiler: /usr/bin/cc - skipped
[0.361s] -- Detecting C compile features
[0.362s] -- Detecting C compile features - done
[0.367s] -- Detecting CXX compiler ABI info
[0.439s] -- Detecting CXX compiler ABI info - done
[0.443s] -- Check for working CXX compiler: /usr/bin/c++ - skipped
[0.443s] -- Detecting CXX compile features
[0.443s] -- Detecting CXX compile features - done
[0.448s] -- Found ament_cmake: 1.3.10 (/opt/ros/humble/share/ament_cmake/cmake)
[0.540s] -- Found Python3: /usr/bin/python3 (found version "3.10.12") found components: Interpreter 
[0.599s] -- Found rclcpp: 16.0.10 (/opt/ros/humble/share/rclcpp/cmake)
[0.631s] -- Found rosidl_generator_c: 3.1.5 (/opt/ros/humble/share/rosidl_generator_c/cmake)
[0.635s] -- Found rosidl_adapter: 3.1.5 (/opt/ros/humble/share/rosidl_adapter/cmake)
[0.640s] -- Found rosidl_generator_cpp: 3.1.5 (/opt/ros/humble/share/rosidl_generator_cpp/cmake)
[0.650s] -- Using all available rosidl_typesupport_c: rosidl_typesupport_fastrtps_c;rosidl_typesupport_introspection_c
[0.662s] -- Using all available rosidl_typesupport_cpp: rosidl_typesupport_fastrtps_cpp;rosidl_typesupport_introspection_cpp
[0.692s] -- Found rmw_implementation_cmake: 6.1.2 (/opt/ros/humble/share/rmw_implementation_cmake/cmake)
[0.694s] -- Found rmw_fastrtps_cpp: 6.2.7 (/opt/ros/humble/share/rmw_fastrtps_cpp/cmake)
[0.772s] -- Found OpenSSL: /usr/lib/x86_64-linux-gnu/libcrypto.so (found version "3.0.2")  
[0.788s] -- Found FastRTPS: /opt/ros/humble/include  
[0.813s] -- Using RMW implementation 'rmw_fastrtps_cpp' as default
[0.820s] -- Looking for pthread.h
[0.889s] -- Looking for pthread.h - found
[0.889s] -- Performing Test CMAKE_HAVE_LIBC_PTHREAD
[0.949s] -- Performing Test CMAKE_HAVE_LIBC_PTHREAD - Success
[0.950s] -- Found Threads: TRUE  
[0.984s] -- Found sensor_msgs: 4.2.4 (/opt/ros/humble/share/sensor_msgs/cmake)
[1.004s] -- Found ament_lint_auto: 0.12.11 (/opt/ros/humble/share/ament_lint_auto/cmake)
[1.053s] -- Added test 'copyright' to check source files copyright and LICENSE
[1.058s] -- Added test 'cppcheck' to perform static code analysis on C / C++ code
[1.058s] -- Configured cppcheck include dirs: /home/beto/Documents/ldlidar_stl_ros2-3.0.3/include;/home/beto/Documents/ldlidar_stl_ros2-3.0.3/ldlidar_driver/include/core;/home/beto/Documents/ldlidar_stl_ros2-3.0.3/ldlidar_driver/include/dataprocess;/home/beto/Documents/ldlidar_stl_ros2-3.0.3/ldlidar_driver/include/filter;/home/beto/Documents/ldlidar_stl_ros2-3.0.3/ldlidar_driver/include/logger;/home/beto/Documents/ldlidar_stl_ros2-3.0.3/ldlidar_driver/include/networkcom;/home/beto/Documents/ldlidar_stl_ros2-3.0.3/ldlidar_driver/include/serialcom
[1.058s] -- Configured cppcheck exclude dirs and/or files: 
[1.063s] -- Added test 'cpplint' to check C / C++ code against the Google style
[1.063s] -- Configured cpplint exclude dirs and/or files: 
[1.064s] -- Added test 'flake8' to check Python code syntax and style conventions
[1.065s] -- Added test 'lint_cmake' to check CMake code style
[1.066s] -- Added test 'pep257' to check Python code against some of the docstring style conventions in PEP 257
[1.071s] -- Added test 'uncrustify' to check C / C++ code style
[1.071s] -- Configured uncrustify additional arguments: 
[1.071s] -- Added test 'xmllint' to check XML markup files
[1.072s] -- Configuring done
[1.079s] -- Generating done
[1.080s] -- Build files have been written to: /home/beto/Documents/ldlidar_stl_ros2-3.0.3/build/ldlidar_stl_ros2
[1.089s] Invoked command in '/home/beto/Documents/ldlidar_stl_ros2-3.0.3/build/ldlidar_stl_ros2' returned '0': CMAKE_PREFIX_PATH=/opt/ros/humble /usr/bin/cmake /home/beto/Documents/ldlidar_stl_ros2-3.0.3 -DCMAKE_INSTALL_PREFIX=/home/beto/Documents/ldlidar_stl_ros2-3.0.3/install/ldlidar_stl_ros2
[1.089s] Invoking command in '/home/beto/Documents/ldlidar_stl_ros2-3.0.3/build/ldlidar_stl_ros2': CMAKE_PREFIX_PATH=/opt/ros/humble /usr/bin/cmake --build /home/beto/Documents/ldlidar_stl_ros2-3.0.3/build/ldlidar_stl_ros2 -- -j16 -l16
[1.132s] [ 87%] [32mBuilding CXX object CMakeFiles/ldlidar_stl_ros2_node.dir/ldlidar_driver/src/filter/tofbf.cpp.o[0m
[1.132s] [ 87%] [32mBuilding CXX object CMakeFiles/ldlidar_stl_ros2_node.dir/ldlidar_driver/src/serialcom/serial_interface_linux.cpp.o[0m
[1.132s] [ 87%] [32mBuilding CXX object CMakeFiles/ldlidar_stl_ros2_node.dir/src/demo.cpp.o[0m
[1.132s] [ 87%] [32mBuilding CXX object CMakeFiles/ldlidar_stl_ros2_node.dir/ldlidar_driver/src/dataprocess/lipkg.cpp.o[0m
[1.132s] [ 87%] [32mBuilding CXX object CMakeFiles/ldlidar_stl_ros2_node.dir/ldlidar_driver/src/networkcom/network_socket_interface_linux.cpp.o[0m
[1.132s] [ 87%] [32mBuilding CXX object CMakeFiles/ldlidar_stl_ros2_node.dir/ldlidar_driver/src/core/ldlidar_driver.cpp.o[0m
[1.132s] [ 87%] [32mBuilding CXX object CMakeFiles/ldlidar_stl_ros2_node.dir/ldlidar_driver/src/logger/log_module.cpp.o[0m
[3.726s] [100%] [32m[1mLinking CXX executable ldlidar_stl_ros2_node[0m
[3.874s] [100%] Built target ldlidar_stl_ros2_node
[3.883s] Invoked command in '/home/beto/Documents/ldlidar_stl_ros2-3.0.3/build/ldlidar_stl_ros2' returned '0': CMAKE_PREFIX_PATH=/opt/ros/humble /usr/bin/cmake --build /home/beto/Documents/ldlidar_stl_ros2-3.0.3/build/ldlidar_stl_ros2 -- -j16 -l16
[3.931s] Invoking command in '/home/beto/Documents/ldlidar_stl_ros2-3.0.3/build/ldlidar_stl_ros2': CMAKE_PREFIX_PATH=/opt/ros/humble /usr/bin/cmake --install /home/beto/Documents/ldlidar_stl_ros2-3.0.3/build/ldlidar_stl_ros2
[3.936s] -- Install configuration: ""
[3.936s] -- Installing: /home/beto/Documents/ldlidar_stl_ros2-3.0.3/install/ldlidar_stl_ros2/lib/ldlidar_stl_ros2/ldlidar_stl_ros2_node
[3.938s] -- Set runtime path of "/home/beto/Documents/ldlidar_stl_ros2-3.0.3/install/ldlidar_stl_ros2/lib/ldlidar_stl_ros2/ldlidar_stl_ros2_node" to ""
[3.939s] -- Installing: /home/beto/Documents/ldlidar_stl_ros2-3.0.3/install/ldlidar_stl_ros2/share/ldlidar_stl_ros2//launch
[3.939s] -- Installing: /home/beto/Documents/ldlidar_stl_ros2-3.0.3/install/ldlidar_stl_ros2/share/ldlidar_stl_ros2//launch/ld06.launch.py
[3.939s] -- Installing: /home/beto/Documents/ldlidar_stl_ros2-3.0.3/install/ldlidar_stl_ros2/share/ldlidar_stl_ros2//launch/viewer_ld06.launch.py
[3.939s] -- Installing: /home/beto/Documents/ldlidar_stl_ros2-3.0.3/install/ldlidar_stl_ros2/share/ldlidar_stl_ros2//launch/viewer_ld19.launch.py
[3.939s] -- Installing: /home/beto/Documents/ldlidar_stl_ros2-3.0.3/install/ldlidar_stl_ros2/share/ldlidar_stl_ros2//launch/ld19.launch.py
[3.939s] -- Installing: /home/beto/Documents/ldlidar_stl_ros2-3.0.3/install/ldlidar_stl_ros2/share/ldlidar_stl_ros2//rviz2
[3.939s] -- Installing: /home/beto/Documents/ldlidar_stl_ros2-3.0.3/install/ldlidar_stl_ros2/share/ldlidar_stl_ros2//rviz2/ldlidar.rviz
[3.939s] -- Installing: /home/beto/Documents/ldlidar_stl_ros2-3.0.3/install/ldlidar_stl_ros2/share/ament_index/resource_index/package_run_dependencies/ldlidar_stl_ros2
[3.939s] -- Installing: /home/beto/Documents/ldlidar_stl_ros2-3.0.3/install/ldlidar_stl_ros2/share/ament_index/resource_index/parent_prefix_path/ldlidar_stl_ros2
[3.939s] -- Installing: /home/beto/Documents/ldlidar_stl_ros2-3.0.3/install/ldlidar_stl_ros2/share/ldlidar_stl_ros2/environment/ament_prefix_path.sh
[3.939s] -- Installing: /home/beto/Documents/ldlidar_stl_ros2-3.0.3/install/ldlidar_stl_ros2/share/ldlidar_stl_ros2/environment/ament_prefix_path.dsv
[3.939s] -- Installing: /home/beto/Documents/ldlidar_stl_ros2-3.0.3/install/ldlidar_stl_ros2/share/ldlidar_stl_ros2/environment/path.sh
[3.939s] -- Installing: /home/beto/Documents/ldlidar_stl_ros2-3.0.3/install/ldlidar_stl_ros2/share/ldlidar_stl_ros2/environment/path.dsv
[3.939s] -- Installing: /home/beto/Documents/ldlidar_stl_ros2-3.0.3/install/ldlidar_stl_ros2/share/ldlidar_stl_ros2/local_setup.bash
[3.940s] -- Installing: /home/beto/Documents/ldlidar_stl_ros2-3.0.3/install/ldlidar_stl_ros2/share/ldlidar_stl_ros2/local_setup.sh
[3.940s] -- Installing: /home/beto/Documents/ldlidar_stl_ros2-3.0.3/install/ldlidar_stl_ros2/share/ldlidar_stl_ros2/local_setup.zsh
[3.940s] -- Installing: /home/beto/Documents/ldlidar_stl_ros2-3.0.3/install/ldlidar_stl_ros2/share/ldlidar_stl_ros2/local_setup.dsv
[3.940s] -- Installing: /home/beto/Documents/ldlidar_stl_ros2-3.0.3/install/ldlidar_stl_ros2/share/ldlidar_stl_ros2/package.dsv
[3.940s] -- Installing: /home/beto/Documents/ldlidar_stl_ros2-3.0.3/install/ldlidar_stl_ros2/share/ament_index/resource_index/packages/ldlidar_stl_ros2
[3.940s] -- Installing: /home/beto/Documents/ldlidar_stl_ros2-3.0.3/install/ldlidar_stl_ros2/share/ldlidar_stl_ros2/cmake/ldlidar_stl_ros2Config.cmake
[3.940s] -- Installing: /home/beto/Documents/ldlidar_stl_ros2-3.0.3/install/ldlidar_stl_ros2/share/ldlidar_stl_ros2/cmake/ldlidar_stl_ros2Config-version.cmake
[3.940s] -- Installing: /home/beto/Documents/ldlidar_stl_ros2-3.0.3/install/ldlidar_stl_ros2/share/ldlidar_stl_ros2/package.xml
[3.942s] Invoked command in '/home/beto/Documents/ldlidar_stl_ros2-3.0.3/build/ldlidar_stl_ros2' returned '0': CMAKE_PREFIX_PATH=/opt/ros/humble /usr/bin/cmake --install /home/beto/Documents/ldlidar_stl_ros2-3.0.3/build/ldlidar_stl_ros2
